running egg_info
writing ../../build/barco_control/barco_control.egg-info/PKG-INFO
writing dependency_links to ../../build/barco_control/barco_control.egg-info/dependency_links.txt
writing entry points to ../../build/barco_control/barco_control.egg-info/entry_points.txt
writing requirements to ../../build/barco_control/barco_control.egg-info/requires.txt
writing top-level names to ../../build/barco_control/barco_control.egg-info/top_level.txt
reading manifest file '../../build/barco_control/barco_control.egg-info/SOURCES.txt'
writing manifest file '../../build/barco_control/barco_control.egg-info/SOURCES.txt'
running build
running build_py
copying barco_control/motor_node.py -> /root/ros2_ws/build/barco_control/build/lib/barco_control
running install
running install_lib
copying /root/ros2_ws/build/barco_control/build/lib/barco_control/motor_node.py -> /root/ros2_ws/install/barco_control/lib/python3.10/site-packages/barco_control
byte-compiling /root/ros2_ws/install/barco_control/lib/python3.10/site-packages/barco_control/motor_node.py to motor_node.cpython-310.pyc
running install_data
running install_egg_info
removing '/root/ros2_ws/install/barco_control/lib/python3.10/site-packages/barco_control-0.0.0-py3.10.egg-info' (and everything under it)
Copying ../../build/barco_control/barco_control.egg-info to /root/ros2_ws/install/barco_control/lib/python3.10/site-packages/barco_control-0.0.0-py3.10.egg-info
running install_scripts
Installing motor_node script to /root/ros2_ws/install/barco_control/lib/barco_control
writing list of installed files to '/root/ros2_ws/build/barco_control/install.log'
