[0.693s] Invoking command in '/root/ros2_ws/src/barco_control': PYTHONPATH=/root/ros2_ws/build/barco_control/prefix_override:/usr/lib/python3/dist-packages/colcon_core/task/python/colcon_distutils_commands:/root/ros2_ws/install/barco_control/lib/python3.10/site-packages:${PYTHONPATH} /usr/bin/python3 -W ignore:setup.py install is deprecated -W ignore:easy_install command is deprecated setup.py egg_info --egg-base ../../build/barco_control build --build-base /root/ros2_ws/build/barco_control/build install --record /root/ros2_ws/build/barco_control/install.log --single-version-externally-managed install_data
[0.914s] running egg_info
[0.915s] writing ../../build/barco_control/barco_control.egg-info/PKG-INFO
[0.915s] writing dependency_links to ../../build/barco_control/barco_control.egg-info/dependency_links.txt
[0.917s] writing entry points to ../../build/barco_control/barco_control.egg-info/entry_points.txt
[0.918s] writing requirements to ../../build/barco_control/barco_control.egg-info/requires.txt
[0.918s] writing top-level names to ../../build/barco_control/barco_control.egg-info/top_level.txt
[0.920s] reading manifest file '../../build/barco_control/barco_control.egg-info/SOURCES.txt'
[0.922s] writing manifest file '../../build/barco_control/barco_control.egg-info/SOURCES.txt'
[0.922s] running build
[0.922s] running build_py
[0.922s] copying barco_control/motor_node.py -> /root/ros2_ws/build/barco_control/build/lib/barco_control
[0.922s] running install
[0.923s] running install_lib
[0.924s] copying /root/ros2_ws/build/barco_control/build/lib/barco_control/motor_node.py -> /root/ros2_ws/install/barco_control/lib/python3.10/site-packages/barco_control
[0.924s] byte-compiling /root/ros2_ws/install/barco_control/lib/python3.10/site-packages/barco_control/motor_node.py to motor_node.cpython-310.pyc
[0.925s] running install_data
[0.925s] running install_egg_info
[0.928s] removing '/root/ros2_ws/install/barco_control/lib/python3.10/site-packages/barco_control-0.0.0-py3.10.egg-info' (and everything under it)
[0.928s] Copying ../../build/barco_control/barco_control.egg-info to /root/ros2_ws/install/barco_control/lib/python3.10/site-packages/barco_control-0.0.0-py3.10.egg-info
[0.929s] running install_scripts
[0.958s] Installing motor_node script to /root/ros2_ws/install/barco_control/lib/barco_control
[0.958s] writing list of installed files to '/root/ros2_ws/build/barco_control/install.log'
[1.025s] Invoked command in '/root/ros2_ws/src/barco_control' returned '0': PYTHONPATH=/root/ros2_ws/build/barco_control/prefix_override:/usr/lib/python3/dist-packages/colcon_core/task/python/colcon_distutils_commands:/root/ros2_ws/install/barco_control/lib/python3.10/site-packages:${PYTHONPATH} /usr/bin/python3 -W ignore:setup.py install is deprecated -W ignore:easy_install command is deprecated setup.py egg_info --egg-base ../../build/barco_control build --build-base /root/ros2_ws/build/barco_control/build install --record /root/ros2_ws/build/barco_control/install.log --single-version-externally-managed install_data
