[0.733s] Invoking command in '/root/ros2_ws/src/barco_control': PYTHONPATH=/root/ros2_ws/build/barco_control/prefix_override:/usr/lib/python3/dist-packages/colcon_core/task/python/colcon_distutils_commands:/root/ros2_ws/install/barco_control/lib/python3.10/site-packages:${PYTHONPATH} /usr/bin/python3 -W ignore:setup.py install is deprecated -W ignore:easy_install command is deprecated setup.py egg_info --egg-base ../../build/barco_control build --build-base /root/ros2_ws/build/barco_control/build install --record /root/ros2_ws/build/barco_control/install.log --single-version-externally-managed install_data
[0.957s] running egg_info
[0.958s] creating ../../build/barco_control/barco_control.egg-info
[0.958s] writing ../../build/barco_control/barco_control.egg-info/PKG-INFO
[0.959s] writing dependency_links to ../../build/barco_control/barco_control.egg-info/dependency_links.txt
[0.959s] writing entry points to ../../build/barco_control/barco_control.egg-info/entry_points.txt
[0.959s] writing requirements to ../../build/barco_control/barco_control.egg-info/requires.txt
[0.959s] writing top-level names to ../../build/barco_control/barco_control.egg-info/top_level.txt
[0.959s] writing manifest file '../../build/barco_control/barco_control.egg-info/SOURCES.txt'
[0.961s] reading manifest file '../../build/barco_control/barco_control.egg-info/SOURCES.txt'
[0.962s] writing manifest file '../../build/barco_control/barco_control.egg-info/SOURCES.txt'
[0.962s] running build
[0.962s] running build_py
[0.962s] creating /root/ros2_ws/build/barco_control/build
[0.962s] creating /root/ros2_ws/build/barco_control/build/lib
[0.963s] creating /root/ros2_ws/build/barco_control/build/lib/barco_control
[0.963s] copying barco_control/__init__.py -> /root/ros2_ws/build/barco_control/build/lib/barco_control
[0.963s] copying barco_control/motor_node.py -> /root/ros2_ws/build/barco_control/build/lib/barco_control
[0.963s] running install
[0.963s] running install_lib
[0.964s] creating /root/ros2_ws/install/barco_control/lib/python3.10/site-packages/barco_control
[0.964s] copying /root/ros2_ws/build/barco_control/build/lib/barco_control/__init__.py -> /root/ros2_ws/install/barco_control/lib/python3.10/site-packages/barco_control
[0.964s] copying /root/ros2_ws/build/barco_control/build/lib/barco_control/motor_node.py -> /root/ros2_ws/install/barco_control/lib/python3.10/site-packages/barco_control
[0.965s] byte-compiling /root/ros2_ws/install/barco_control/lib/python3.10/site-packages/barco_control/__init__.py to __init__.cpython-310.pyc
[0.965s] byte-compiling /root/ros2_ws/install/barco_control/lib/python3.10/site-packages/barco_control/motor_node.py to motor_node.cpython-310.pyc
[0.966s] running install_data
[0.966s] creating /root/ros2_ws/install/barco_control/share/ament_index
[0.966s] creating /root/ros2_ws/install/barco_control/share/ament_index/resource_index
[0.966s] creating /root/ros2_ws/install/barco_control/share/ament_index/resource_index/packages
[0.966s] copying resource/barco_control -> /root/ros2_ws/install/barco_control/share/ament_index/resource_index/packages
[0.966s] copying package.xml -> /root/ros2_ws/install/barco_control/share/barco_control
[0.966s] running install_egg_info
[0.969s] Copying ../../build/barco_control/barco_control.egg-info to /root/ros2_ws/install/barco_control/lib/python3.10/site-packages/barco_control-0.0.0-py3.10.egg-info
[0.970s] running install_scripts
[0.998s] Installing motor_node script to /root/ros2_ws/install/barco_control/lib/barco_control
[0.998s] writing list of installed files to '/root/ros2_ws/build/barco_control/install.log'
[1.069s] Invoked command in '/root/ros2_ws/src/barco_control' returned '0': PYTHONPATH=/root/ros2_ws/build/barco_control/prefix_override:/usr/lib/python3/dist-packages/colcon_core/task/python/colcon_distutils_commands:/root/ros2_ws/install/barco_control/lib/python3.10/site-packages:${PYTHONPATH} /usr/bin/python3 -W ignore:setup.py install is deprecated -W ignore:easy_install command is deprecated setup.py egg_info --egg-base ../../build/barco_control build --build-base /root/ros2_ws/build/barco_control/build install --record /root/ros2_ws/build/barco_control/install.log --single-version-externally-managed install_data
